<?xml version="1.0" encoding="UTF-8"?>
<!-- Generated by org.testng.reporters.JUnitXMLReporter -->
<testsuite hostname="LAPTOP-3MPN7VBH" ignored="0" name="Default test" tests="4" failures="0" timestamp="2021-03-13T16:29:00 IST" time="53.054" errors="0">
  <testcase name="tc1" time="2.337" classname="maven.DataProviderTestNg"/>
  <testcase name="tc2" time="3.383" classname="maven.DataProviderTestNg"/>
  <testcase name="tc2" time="25.249" classname="maven.DataProviderTestNg"/>
  <testcase name="tc2" time="22.031" classname="maven.DataProviderTestNg"/>
</testsuite> <!-- Default test -->
