<?xml version="1.0" encoding="UTF-8"?>
<!-- Generated by org.testng.reporters.JUnitXMLReporter -->
<testsuite hostname="LAPTOP-3MPN7VBH" ignored="8" name="Test" tests="1" failures="0" timestamp="2021-03-14T11:46:17 IST" time="0.042" errors="0">
  <testcase name="tc11" time="0.007" classname="maven.Group2"/>
  <testcase name="tc1" time="0.0" classname="maven.Group1">
    <ignored/>
  </testcase> <!-- tc1 -->
  <testcase name="tc2" time="0.0" classname="maven.Group1">
    <ignored/>
  </testcase> <!-- tc2 -->
  <testcase name="tc111" time="0.0" classname="maven.Group3">
    <ignored/>
  </testcase> <!-- tc111 -->
  <testcase name="tc222" time="0.0" classname="maven.Group3">
    <ignored/>
  </testcase> <!-- tc222 -->
  <testcase name="tc333" time="0.0" classname="maven.Group3">
    <ignored/>
  </testcase> <!-- tc333 -->
  <testcase name="tc3" time="0.0" classname="maven.Group1">
    <ignored/>
  </testcase> <!-- tc3 -->
  <testcase name="tc33" time="0.0" classname="maven.Group2">
    <ignored/>
  </testcase> <!-- tc33 -->
  <testcase name="tc22" time="0.0" classname="maven.Group2">
    <ignored/>
  </testcase> <!-- tc22 -->
</testsuite> <!-- Test -->
