<?xml version="1.0" encoding="UTF-8"?>
<testng-results skipped="0" failed="0" ignored="0" total="3" passed="3">
  <reporter-output>
  </reporter-output>
  <suite name="maven.TestNg" duration-ms="42" started-at="2021-03-11T16:28:49 IST" finished-at="2021-03-11T16:28:49 IST">
    <groups>
    </groups>
    <test name="Command line test" duration-ms="42" started-at="2021-03-11T16:28:49 IST" finished-at="2021-03-11T16:28:49 IST">
      <class name="maven.TestNg">
        <test-method status="PASS" signature="beforeClass()[pri:0, instance:maven.TestNg@4bec1f0c]" name="beforeClass" is-config="true" duration-ms="9" started-at="2021-03-11T16:28:49 IST" finished-at="2021-03-11T16:28:49 IST">
          <reporter-output>
          </reporter-output>
        </test-method> <!-- beforeClass -->
        <test-method status="PASS" signature="beforeMethod()[pri:0, instance:maven.TestNg@4bec1f0c]" name="beforeMethod" is-config="true" duration-ms="0" started-at="2021-03-11T16:28:49 IST" finished-at="2021-03-11T16:28:49 IST">
          <reporter-output>
          </reporter-output>
        </test-method> <!-- beforeMethod -->
        <test-method status="PASS" signature="tc1()[pri:0, instance:maven.TestNg@4bec1f0c]" name="tc1" duration-ms="0" started-at="2021-03-11T16:28:49 IST" finished-at="2021-03-11T16:28:49 IST">
          <reporter-output>
          </reporter-output>
        </test-method> <!-- tc1 -->
        <test-method status="PASS" signature="afterMethod()[pri:0, instance:maven.TestNg@4bec1f0c]" name="afterMethod" is-config="true" duration-ms="0" started-at="2021-03-11T16:28:49 IST" finished-at="2021-03-11T16:28:49 IST">
          <reporter-output>
          </reporter-output>
        </test-method> <!-- afterMethod -->
        <test-method status="PASS" signature="beforeMethod()[pri:0, instance:maven.TestNg@4bec1f0c]" name="beforeMethod" is-config="true" duration-ms="0" started-at="2021-03-11T16:28:49 IST" finished-at="2021-03-11T16:28:49 IST">
          <reporter-output>
          </reporter-output>
        </test-method> <!-- beforeMethod -->
        <test-method status="PASS" signature="afterMethod()[pri:0, instance:maven.TestNg@4bec1f0c]" name="afterMethod" is-config="true" duration-ms="0" started-at="2021-03-11T16:28:49 IST" finished-at="2021-03-11T16:28:49 IST">
          <reporter-output>
          </reporter-output>
        </test-method> <!-- afterMethod -->
        <test-method status="PASS" signature="tc2()[pri:0, instance:maven.TestNg@4bec1f0c]" name="tc2" duration-ms="0" started-at="2021-03-11T16:28:49 IST" finished-at="2021-03-11T16:28:49 IST">
          <reporter-output>
          </reporter-output>
        </test-method> <!-- tc2 -->
        <test-method status="PASS" signature="tc3()[pri:0, instance:maven.TestNg@4bec1f0c]" name="tc3" duration-ms="0" started-at="2021-03-11T16:28:49 IST" finished-at="2021-03-11T16:28:49 IST">
          <reporter-output>
          </reporter-output>
        </test-method> <!-- tc3 -->
        <test-method status="PASS" signature="beforeMethod()[pri:0, instance:maven.TestNg@4bec1f0c]" name="beforeMethod" is-config="true" duration-ms="0" started-at="2021-03-11T16:28:49 IST" finished-at="2021-03-11T16:28:49 IST">
          <reporter-output>
          </reporter-output>
        </test-method> <!-- beforeMethod -->
        <test-method status="PASS" signature="afterMethod()[pri:0, instance:maven.TestNg@4bec1f0c]" name="afterMethod" is-config="true" duration-ms="0" started-at="2021-03-11T16:28:49 IST" finished-at="2021-03-11T16:28:49 IST">
          <reporter-output>
          </reporter-output>
        </test-method> <!-- afterMethod -->
        <test-method status="PASS" signature="afterClass()[pri:0, instance:maven.TestNg@4bec1f0c]" name="afterClass" is-config="true" duration-ms="0" started-at="2021-03-11T16:28:49 IST" finished-at="2021-03-11T16:28:49 IST">
          <reporter-output>
          </reporter-output>
        </test-method> <!-- afterClass -->
      </class> <!-- maven.TestNg -->
    </test> <!-- Command line test -->
  </suite> <!-- maven.TestNg -->
</testng-results>
