<?xml version="1.0" encoding="UTF-8"?>
<testng-results skipped="0" failed="0" ignored="8" total="9" passed="1">
  <reporter-output>
  </reporter-output>
  <suite name="Suite" duration-ms="42" started-at="2021-03-14T11:46:17 IST" finished-at="2021-03-14T11:46:17 IST">
    <groups>
      <group name="sanity">
        <method signature="Group2.tc11()[pri:0, instance:maven.Group2@53f65459]" name="tc11" class="maven.Group2"/>
      </group> <!-- sanity -->
    </groups>
    <test name="Test" duration-ms="42" started-at="2021-03-14T11:46:17 IST" finished-at="2021-03-14T11:46:17 IST">
      <class name="maven.Group2">
        <test-method status="PASS" signature="tc11()[pri:0, instance:maven.Group2@53f65459]" name="tc11" duration-ms="7" started-at="2021-03-14T11:46:17 IST" finished-at="2021-03-14T11:46:17 IST">
          <reporter-output>
          </reporter-output>
        </test-method> <!-- tc11 -->
      </class> <!-- maven.Group2 -->
    </test> <!-- Test -->
  </suite> <!-- Suite -->
</testng-results>
